[INFO] Logger started at 2024-04-23 12:42:52
[INFO] Executable name: C:\Users\themn\Downloads\liquibase-windows-x64-installer-4.27.0.exe
[INFO] install4j version: 10.0.6 (build 10097)
[INFO] Properties: 
-- listing properties --
java.specification.version=21
sun.cpu.isalist=amd64
sun.jnu.encoding=Cp1252
java.class.path=C:\Users\themn\AppData\Local\Temp\e4j...
sun.awt.enableExtraMouseButtons=true
java.vm.vendor=Eclipse Adoptium
sun.arch.data.model=64
install4j.exeDir=C:\Users\themn\Downloads\
user.variant=
java.vendor.url=https://adoptium.net/
user.timezone=America/New_York
java.vm.specification.version=21
os.name=Windows 11
user.country=US
sun.boot.library.path=c:\users\themn\appdata\local\temp\e4j...
sun.java.command=C:\Users\themn\Downloads\liquibase-wi...
jdk.debug=release
sun.cpu.endian=little
exe4j.unextractedPosition=51384699
user.home=C:\Users\themn
user.language=en
jdk.http.auth.tunneling.disabledSchemes=
java.specification.vendor=Oracle Corporation
java.version.date=2024-01-16
java.home=c:\users\themn\appdata\local\temp\e4j...
file.separator=\
java.vm.compressedOopsMode=Zero based
line.separator=

java.vm.specification.vendor=Oracle Corporation
java.specification.name=Java Platform API Specification
jdk.lang.Process.allowAmbiguousCommands=false
exe4j.moduleName=C:\Users\themn\Downloads\liquibase-wi...
exe4j.tempDir=C:\Users\themn\AppData\Local\Temp\e4j...
user.script=
exe4j.consoleCodepage=cp0
sun.management.compiler=HotSpot 64-Bit Tiered Compilers
exe4j.isInstall4j=true
java.runtime.version=21.0.2+13-LTS
user.name=themn
stdout.encoding=Cp1252
path.separator=;
os.version=10.0
java.runtime.name=OpenJDK Runtime Environment
file.encoding=UTF-8
java.vm.name=OpenJDK 64-Bit Server VM
java.vendor.version=Temurin-21.0.2+13
exe4j.semaphoreName=Local\c:_users_themn_downloads_liquib...
install4j.appDir=C:\Users\themn\AppData\Local\Temp\
java.vendor.url.bug=https://github.com/adoptium/adoptium-...
java.io.tmpdir=C:\Users\themn\AppData\Local\Temp\
java.version=21.0.2
user.dir=C:\Users\themn\AppData\Local\Temp\e4j...
os.arch=amd64
java.vm.specification.name=Java Virtual Machine Specification
sun.os.patch.level=
native.encoding=Cp1252
java.library.path=c:\users\themn\appdata\local\temp\e4j...
java.vm.info=mixed mode
stderr.encoding=Cp1252
java.vendor=Eclipse Adoptium
java.vm.version=21.0.2+13-LTS
sun.io.unicode.encoding=UnicodeLittle
java.class.version=65.0
exe4j.launchName=C:\Users\themn\Downloads\liquibase-wi...
[INFO] Variable changed: sys.resolveUserSpecificInstallationDir=false[class java.lang.String]
[INFO] com.install4j.runtime.beans.actions.misc.RequestPrivilegesAction [ID 22]: Execute action
       Property linuxPrivilegeRequirement: None
       Property failIfNotObtainedLinux: false
       Property failIfNotObtainedMac: true
       Property failIfNotObtainedWin: true
       Property failIfNotRootUnix: false
       Property obtainIfAdminMac: true
       Property obtainIfAdminWin: true
       Property obtainIfNormalMac: true
       Property obtainIfNormalWin: true
       Property rollbackSupported: false
       Property updateInstallationDirectory: true
       Starting elevated helper
       Using communication backend com.install4j.runtime.installer.platform.win32.Win32CommunicationBackend
       Execute action successful after 3571 ms
[INFO] com.install4j.runtime.beans.screens.StartupScreen [ID 1]: command: move 1 screens, executing actions, checking condition
[INFO] com.install4j.runtime.beans.screens.WelcomeScreen [ID 2]: Show screen
[INFO] com.install4j.runtime.beans.screens.WelcomeScreen [ID 2]: command: move 1 screens, executing actions, checking condition
[INFO] com.install4j.runtime.beans.screens.InstallationDirectoryScreen [ID 8]: Show screen
       checking writable with maximum
[INFO] com.install4j.runtime.beans.actions.misc.LoadResponseFileAction [ID 11]: Execute action
       Property excludedVariables: [sys.installationDir]
       Property file: null
       Property overwriteStrategy: Do not overwrite command line
       Property registerForResponseFile: true
       Property rollbackSupported: false
       Response file C:\Program Files\liquibase\.install4j\response.varfile does not exist
       Execute action successful after 20 ms
[INFO] com.install4j.runtime.beans.screens.InstallationDirectoryScreen [ID 8]: command: move 1 screens, executing actions, checking condition
[INFO] com.install4j.runtime.beans.screens.FormScreen [ID 67]: Show screen
       Variable changed: liquibase.addToPath=true[class java.lang.Boolean]
[INFO] com.install4j.runtime.beans.screens.FormScreen [ID 67]: command: move 1 screens, executing actions, checking condition
[INFO] com.install4j.runtime.beans.screens.InstallationScreen [ID 15]: Show screen
[INFO] com.install4j.runtime.beans.actions.InstallFilesAction [ID 17]: Execute action
       Property directoryResolverScript: null
       Property fileFilterScript: null
       Property sizeCalculatorScript: null
       Property acceptAllCertificates: false
       Property checkFreeSpace: true
       Property delay: false
       Property installRuntime: true
       Property rollbackSupported: true
       Property saveDownloadedFiles: false
       Property showFileNames: true
       Property triggerReboot: true
       Property validateApplicationId: false
       Install file: C:\Program Files\liquibase\jre\bin\api-ms-win-core-console-l1-1-0.dll; size: 22920 bytes; exists: false
       File options set to: [fileTime: Tue Apr 23 12:42:50 EDT 2024, mode: 644, overwriteMode: Always ask except for update, shared: false, uninstallMode: If created, but not for update, delayIfNecessary: false]
       Install file: C:\Program Files\liquibase\jre\bin\api-ms-win-core-console-l1-2-0.dll; size: 22920 bytes; exists: false
       Install file: C:\Program Files\liquibase\jre\bin\api-ms-win-core-datetime-l1-1-0.dll; size: 22920 bytes; exists: false
       Install file: C:\Program Files\liquibase\jre\bin\api-ms-win-core-debug-l1-1-0.dll; size: 22920 bytes; exists: false
       Install file: C:\Program Files\liquibase\jre\bin\api-ms-win-core-errorhandling-l1-1-0.dll; size: 22920 bytes; exists: false
       Install file: C:\Program Files\liquibase\jre\bin\api-ms-win-core-fibers-l1-1-0.dll; size: 22920 bytes; exists: false
       Install file: C:\Program Files\liquibase\jre\bin\api-ms-win-core-file-l1-1-0.dll; size: 27016 bytes; exists: false
       Install file: C:\Program Files\liquibase\jre\bin\api-ms-win-core-file-l1-2-0.dll; size: 22920 bytes; exists: false
       Install file: C:\Program Files\liquibase\jre\bin\api-ms-win-core-file-l2-1-0.dll; size: 22920 bytes; exists: false
       Install file: C:\Program Files\liquibase\jre\bin\api-ms-win-core-handle-l1-1-0.dll; size: 22920 bytes; exists: false
       Install file: C:\Program Files\liquibase\jre\bin\api-ms-win-core-heap-l1-1-0.dll; size: 22920 bytes; exists: false
       Install file: C:\Program Files\liquibase\jre\bin\api-ms-win-core-interlocked-l1-1-0.dll; size: 22920 bytes; exists: false
       Install file: C:\Program Files\liquibase\jre\bin\api-ms-win-core-libraryloader-l1-1-0.dll; size: 22920 bytes; exists: false
       Install file: C:\Program Files\liquibase\jre\bin\api-ms-win-core-localization-l1-2-0.dll; size: 22920 bytes; exists: false
       Install file: C:\Program Files\liquibase\jre\bin\api-ms-win-core-memory-l1-1-0.dll; size: 22920 bytes; exists: false
       Install file: C:\Program Files\liquibase\jre\bin\api-ms-win-core-namedpipe-l1-1-0.dll; size: 22920 bytes; exists: false
       Install file: C:\Program Files\liquibase\jre\bin\api-ms-win-core-processenvironment-l1-1-0.dll; size: 22920 bytes; exists: false
       Install file: C:\Program Files\liquibase\jre\bin\api-ms-win-core-processthreads-l1-1-0.dll; size: 22920 bytes; exists: false
       Install file: C:\Program Files\liquibase\jre\bin\api-ms-win-core-processthreads-l1-1-1.dll; size: 22920 bytes; exists: false
       Install file: C:\Program Files\liquibase\jre\bin\api-ms-win-core-profile-l1-1-0.dll; size: 22920 bytes; exists: false
       Install file: C:\Program Files\liquibase\jre\bin\api-ms-win-core-rtlsupport-l1-1-0.dll; size: 22920 bytes; exists: false
       Install file: C:\Program Files\liquibase\jre\bin\api-ms-win-core-string-l1-1-0.dll; size: 22920 bytes; exists: false
       Install file: C:\Program Files\liquibase\jre\bin\api-ms-win-core-synch-l1-1-0.dll; size: 22920 bytes; exists: false
       Install file: C:\Program Files\liquibase\jre\bin\api-ms-win-core-synch-l1-2-0.dll; size: 22920 bytes; exists: false
       Install file: C:\Program Files\liquibase\jre\bin\api-ms-win-core-sysinfo-l1-1-0.dll; size: 22920 bytes; exists: false
       Install file: C:\Program Files\liquibase\jre\bin\api-ms-win-core-timezone-l1-1-0.dll; size: 22920 bytes; exists: false
       Install file: C:\Program Files\liquibase\jre\bin\api-ms-win-core-util-l1-1-0.dll; size: 22920 bytes; exists: false
       Install file: C:\Program Files\liquibase\jre\bin\api-ms-win-crt-conio-l1-1-0.dll; size: 22920 bytes; exists: false
       Install file: C:\Program Files\liquibase\jre\bin\api-ms-win-crt-convert-l1-1-0.dll; size: 27016 bytes; exists: false
       Install file: C:\Program Files\liquibase\jre\bin\api-ms-win-crt-environment-l1-1-0.dll; size: 22920 bytes; exists: false
       Install file: C:\Program Files\liquibase\jre\bin\api-ms-win-crt-filesystem-l1-1-0.dll; size: 22920 bytes; exists: false
       Install file: C:\Program Files\liquibase\jre\bin\api-ms-win-crt-heap-l1-1-0.dll; size: 22920 bytes; exists: false
       Install file: C:\Program Files\liquibase\jre\bin\api-ms-win-crt-locale-l1-1-0.dll; size: 22920 bytes; exists: false
       Install file: C:\Program Files\liquibase\jre\bin\api-ms-win-crt-math-l1-1-0.dll; size: 31112 bytes; exists: false
       Install file: C:\Program Files\liquibase\jre\bin\api-ms-win-crt-multibyte-l1-1-0.dll; size: 31112 bytes; exists: false
       Install file: C:\Program Files\liquibase\jre\bin\api-ms-win-crt-private-l1-1-0.dll; size: 76168 bytes; exists: false
       Install file: C:\Program Files\liquibase\jre\bin\api-ms-win-crt-process-l1-1-0.dll; size: 22920 bytes; exists: false
       Install file: C:\Program Files\liquibase\jre\bin\api-ms-win-crt-runtime-l1-1-0.dll; size: 27016 bytes; exists: false
       Install file: C:\Program Files\liquibase\jre\bin\api-ms-win-crt-stdio-l1-1-0.dll; size: 27016 bytes; exists: false
       Install file: C:\Program Files\liquibase\jre\bin\api-ms-win-crt-string-l1-1-0.dll; size: 27016 bytes; exists: false
       Install file: C:\Program Files\liquibase\jre\bin\api-ms-win-crt-time-l1-1-0.dll; size: 22920 bytes; exists: false
       Install file: C:\Program Files\liquibase\jre\bin\api-ms-win-crt-utility-l1-1-0.dll; size: 22920 bytes; exists: false
       Install file: C:\Program Files\liquibase\jre\bin\attach.dll; size: 29576 bytes; exists: false
       Install file: C:\Program Files\liquibase\jre\bin\awt.dll; size: 1475976 bytes; exists: false
       Install file: C:\Program Files\liquibase\jre\bin\dt_socket.dll; size: 36744 bytes; exists: false
       Install file: C:\Program Files\liquibase\jre\bin\extnet.dll; size: 24456 bytes; exists: false
       Install file: C:\Program Files\liquibase\jre\bin\fontmanager.dll; size: 912264 bytes; exists: false
       Install file: C:\Program Files\liquibase\jre\bin\freetype.dll; size: 548744 bytes; exists: false
       Install file: C:\Program Files\liquibase\jre\bin\instrument.dll; size: 52616 bytes; exists: false
       Install file: C:\Program Files\liquibase\jre\bin\j2gss.dll; size: 51080 bytes; exists: false
       Install file: C:\Program Files\liquibase\jre\bin\j2pcsc.dll; size: 26504 bytes; exists: false
       Install file: C:\Program Files\liquibase\jre\bin\j2pkcs11.dll; size: 80776 bytes; exists: false
       Install file: C:\Program Files\liquibase\jre\bin\jaas.dll; size: 28552 bytes; exists: false
       Install file: C:\Program Files\liquibase\jre\bin\jabswitch.exe; size: 45448 bytes; exists: false
       Install file: C:\Program Files\liquibase\jre\bin\jaccessinspector.exe; size: 105864 bytes; exists: false
       Install file: C:\Program Files\liquibase\jre\bin\jaccesswalker.exe; size: 71048 bytes; exists: false
       Install file: C:\Program Files\liquibase\jre\bin\java.dll; size: 121224 bytes; exists: false
       Install file: C:\Program Files\liquibase\jre\bin\java.exe; size: 50056 bytes; exists: false
       Install file: C:\Program Files\liquibase\jre\bin\javaaccessbridge.dll; size: 308104 bytes; exists: false
       Install file: C:\Program Files\liquibase\jre\bin\javajpeg.dll; size: 182664 bytes; exists: false
       Install file: C:\Program Files\liquibase\jre\bin\javaw.exe; size: 50056 bytes; exists: false
       Install file: C:\Program Files\liquibase\jre\bin\jawt.dll; size: 21384 bytes; exists: false
       Install file: C:\Program Files\liquibase\jre\bin\jdwp.dll; size: 235912 bytes; exists: false
       Install file: C:\Program Files\liquibase\jre\bin\jfr.exe; size: 23944 bytes; exists: false
       Install file: C:\Program Files\liquibase\jre\bin\jimage.dll; size: 33672 bytes; exists: false
       Install file: C:\Program Files\liquibase\jre\bin\jli.dll; size: 89992 bytes; exists: false
       Install file: C:\Program Files\liquibase\jre\bin\jrunscript.exe; size: 23944 bytes; exists: false
       Install file: C:\Program Files\liquibase\jre\bin\jsound.dll; size: 61320 bytes; exists: false
       Install file: C:\Program Files\liquibase\jre\bin\jwebserver.exe; size: 23944 bytes; exists: false
       Install file: C:\Program Files\liquibase\jre\bin\keytool.exe; size: 23944 bytes; exists: false
       Install file: C:\Program Files\liquibase\jre\bin\kinit.exe; size: 23944 bytes; exists: false
       Install file: C:\Program Files\liquibase\jre\bin\klist.exe; size: 23944 bytes; exists: false
       Install file: C:\Program Files\liquibase\jre\bin\ktab.exe; size: 23944 bytes; exists: false
       Install file: C:\Program Files\liquibase\jre\bin\lcms.dll; size: 252296 bytes; exists: false
       Install file: C:\Program Files\liquibase\jre\bin\le.dll; size: 35720 bytes; exists: false
       Install file: C:\Program Files\liquibase\jre\bin\management.dll; size: 29576 bytes; exists: false
       Install file: C:\Program Files\liquibase\jre\bin\management_agent.dll; size: 24968 bytes; exists: false
       Install file: C:\Program Files\liquibase\jre\bin\management_ext.dll; size: 36232 bytes; exists: false
       Install file: C:\Program Files\liquibase\jre\bin\mlib_image.dll; size: 526216 bytes; exists: false
       Install file: C:\Program Files\liquibase\jre\bin\msvcp140.dll; size: 568712 bytes; exists: false
       Install file: C:\Program Files\liquibase\jre\bin\net.dll; size: 59784 bytes; exists: false
       Install file: C:\Program Files\liquibase\jre\bin\nio.dll; size: 80264 bytes; exists: false
       Install file: C:\Program Files\liquibase\jre\bin\prefs.dll; size: 25992 bytes; exists: false
       Install file: C:\Program Files\liquibase\jre\bin\rmi.dll; size: 21384 bytes; exists: false
       Install file: C:\Program Files\liquibase\jre\bin\rmiregistry.exe; size: 23944 bytes; exists: false
       Install file: C:\Program Files\liquibase\jre\bin\server\jvm.dll; size: 13796232 bytes; exists: false
       Install file: C:\Program Files\liquibase\jre\bin\splashscreen.dll; size: 221576 bytes; exists: false
       Install file: C:\Program Files\liquibase\jre\bin\sspi_bridge.dll; size: 45448 bytes; exists: false
       Install file: C:\Program Files\liquibase\jre\bin\sunmscapi.dll; size: 49032 bytes; exists: false
       Install file: C:\Program Files\liquibase\jre\bin\syslookup.dll; size: 28040 bytes; exists: false
       Install file: C:\Program Files\liquibase\jre\bin\ucrtbase.dll; size: 1124744 bytes; exists: false
       Install file: C:\Program Files\liquibase\jre\bin\vcruntime140.dll; size: 99720 bytes; exists: false
       Install file: C:\Program Files\liquibase\jre\bin\vcruntime140_1.dll; size: 39816 bytes; exists: false
       Install file: C:\Program Files\liquibase\jre\bin\verify.dll; size: 55176 bytes; exists: false
       Install file: C:\Program Files\liquibase\jre\bin\w2k_lsa_auth.dll; size: 31624 bytes; exists: false
       Install file: C:\Program Files\liquibase\jre\bin\windowsaccessbridge-64.dll; size: 73096 bytes; exists: false
       Install file: C:\Program Files\liquibase\jre\bin\zip.dll; size: 89480 bytes; exists: false
       Install file: C:\Program Files\liquibase\jre\conf\jaxp.properties; size: 7302 bytes; exists: false
       Install file: C:\Program Files\liquibase\jre\conf\logging.properties; size: 2732 bytes; exists: false
       Install file: C:\Program Files\liquibase\jre\conf\management\jmxremote.access; size: 3997 bytes; exists: false
       Install file: C:\Program Files\liquibase\jre\conf\management\jmxremote.password.template; size: 5690 bytes; exists: false
       Install file: C:\Program Files\liquibase\jre\conf\management\management.properties; size: 14988 bytes; exists: false
       Install file: C:\Program Files\liquibase\jre\conf\net.properties; size: 6671 bytes; exists: false
       Install file: C:\Program Files\liquibase\jre\conf\security\java.policy; size: 2294 bytes; exists: false
       Install file: C:\Program Files\liquibase\jre\conf\security\java.security; size: 65787 bytes; exists: false
       Install file: C:\Program Files\liquibase\jre\conf\security\policy\limited\default_local.policy; size: 647 bytes; exists: false
       Install file: C:\Program Files\liquibase\jre\conf\security\policy\limited\default_US_export.policy; size: 146 bytes; exists: false
       Install file: C:\Program Files\liquibase\jre\conf\security\policy\limited\exempt_local.policy; size: 566 bytes; exists: false
       Install file: C:\Program Files\liquibase\jre\conf\security\policy\README.txt; size: 2390 bytes; exists: false
       Install file: C:\Program Files\liquibase\jre\conf\security\policy\unlimited\default_local.policy; size: 193 bytes; exists: false
       Install file: C:\Program Files\liquibase\jre\conf\security\policy\unlimited\default_US_export.policy; size: 146 bytes; exists: false
       Install file: C:\Program Files\liquibase\jre\conf\sound.properties; size: 1210 bytes; exists: false
       Install file: C:\Program Files\liquibase\jre\include\classfile_constants.h; size: 22155 bytes; exists: false
       Install file: C:\Program Files\liquibase\jre\include\jawt.h; size: 12458 bytes; exists: false
       Install file: C:\Program Files\liquibase\jre\include\jdwpTransport.h; size: 8166 bytes; exists: false
       Install file: C:\Program Files\liquibase\jre\include\jni.h; size: 76018 bytes; exists: false
       Install file: C:\Program Files\liquibase\jre\include\jvmti.h; size: 85726 bytes; exists: false
       Install file: C:\Program Files\liquibase\jre\include\jvmticmlr.h; size: 4771 bytes; exists: false
       Install file: C:\Program Files\liquibase\jre\include\win32\bridge\AccessBridgeCallbacks.h; size: 5518 bytes; exists: false
       Install file: C:\Program Files\liquibase\jre\include\win32\bridge\AccessBridgeCalls.h; size: 36050 bytes; exists: false
       Install file: C:\Program Files\liquibase\jre\include\win32\bridge\AccessBridgePackages.h; size: 77582 bytes; exists: false
       Install file: C:\Program Files\liquibase\jre\include\win32\jawt_md.h; size: 1895 bytes; exists: false
       Install file: C:\Program Files\liquibase\jre\include\win32\jni_md.h; size: 1580 bytes; exists: false
       Install file: C:\Program Files\liquibase\jre\legal\java.base\ADDITIONAL_LICENSE_INFO; size: 2114 bytes; exists: false
       Install file: C:\Program Files\liquibase\jre\legal\java.base\aes.md; size: 1444 bytes; exists: false
       Install file: C:\Program Files\liquibase\jre\legal\java.base\asm.md; size: 1582 bytes; exists: false
       Install file: C:\Program Files\liquibase\jre\legal\java.base\ASSEMBLY_EXCEPTION; size: 1514 bytes; exists: false
       Install file: C:\Program Files\liquibase\jre\legal\java.base\c-libutl.md; size: 1556 bytes; exists: false
       Install file: C:\Program Files\liquibase\jre\legal\java.base\cldr.md; size: 9601 bytes; exists: false
       Install file: C:\Program Files\liquibase\jre\legal\java.base\icu.md; size: 30197 bytes; exists: false
       Install file: C:\Program Files\liquibase\jre\legal\java.base\LICENSE; size: 19274 bytes; exists: false
       Install file: C:\Program Files\liquibase\jre\legal\java.base\public_suffix.md; size: 17783 bytes; exists: false
       Install file: C:\Program Files\liquibase\jre\legal\java.base\unicode.md; size: 9078 bytes; exists: false
       Install file: C:\Program Files\liquibase\jre\legal\java.base\wepoll.md; size: 1454 bytes; exists: false
       Install file: C:\Program Files\liquibase\jre\legal\java.base\zlib.md; size: 1011 bytes; exists: false
       Install file: C:\Program Files\liquibase\jre\legal\java.compiler\ADDITIONAL_LICENSE_INFO; size: 48 bytes; exists: false
       Install file: C:\Program Files\liquibase\jre\legal\java.compiler\ASSEMBLY_EXCEPTION; size: 43 bytes; exists: false
       Install file: C:\Program Files\liquibase\jre\legal\java.compiler\LICENSE; size: 32 bytes; exists: false
       Install file: C:\Program Files\liquibase\jre\legal\java.datatransfer\ADDITIONAL_LICENSE_INFO; size: 48 bytes; exists: false
       Install file: C:\Program Files\liquibase\jre\legal\java.datatransfer\ASSEMBLY_EXCEPTION; size: 43 bytes; exists: false
       Install file: C:\Program Files\liquibase\jre\legal\java.datatransfer\LICENSE; size: 32 bytes; exists: false
       Install file: C:\Program Files\liquibase\jre\legal\java.desktop\ADDITIONAL_LICENSE_INFO; size: 48 bytes; exists: false
       Install file: C:\Program Files\liquibase\jre\legal\java.desktop\ASSEMBLY_EXCEPTION; size: 43 bytes; exists: false
       Install file: C:\Program Files\liquibase\jre\legal\java.desktop\colorimaging.md; size: 167 bytes; exists: false
       Install file: C:\Program Files\liquibase\jre\legal\java.desktop\freetype.md; size: 30422 bytes; exists: false
       Install file: C:\Program Files\liquibase\jre\legal\java.desktop\giflib.md; size: 1288 bytes; exists: false
       Install file: C:\Program Files\liquibase\jre\legal\java.desktop\harfbuzz.md; size: 3627 bytes; exists: false
       Install file: C:\Program Files\liquibase\jre\legal\java.desktop\jpeg.md; size: 3474 bytes; exists: false
       Install file: C:\Program Files\liquibase\jre\legal\java.desktop\lcms.md; size: 2630 bytes; exists: false
       Install file: C:\Program Files\liquibase\jre\legal\java.desktop\libpng.md; size: 6980 bytes; exists: false
       Install file: C:\Program Files\liquibase\jre\legal\java.desktop\LICENSE; size: 32 bytes; exists: false
       Install file: C:\Program Files\liquibase\jre\legal\java.desktop\mesa3d.md; size: 5732 bytes; exists: false
       Install file: C:\Program Files\liquibase\jre\legal\java.instrument\ADDITIONAL_LICENSE_INFO; size: 48 bytes; exists: false
       Install file: C:\Program Files\liquibase\jre\legal\java.instrument\ASSEMBLY_EXCEPTION; size: 43 bytes; exists: false
       Install file: C:\Program Files\liquibase\jre\legal\java.instrument\LICENSE; size: 32 bytes; exists: false
       Install file: C:\Program Files\liquibase\jre\legal\java.logging\ADDITIONAL_LICENSE_INFO; size: 48 bytes; exists: false
       Install file: C:\Program Files\liquibase\jre\legal\java.logging\ASSEMBLY_EXCEPTION; size: 43 bytes; exists: false
       Install file: C:\Program Files\liquibase\jre\legal\java.logging\LICENSE; size: 32 bytes; exists: false
       Install file: C:\Program Files\liquibase\jre\legal\java.management\ADDITIONAL_LICENSE_INFO; size: 48 bytes; exists: false
       Install file: C:\Program Files\liquibase\jre\legal\java.management\ASSEMBLY_EXCEPTION; size: 43 bytes; exists: false
       Install file: C:\Program Files\liquibase\jre\legal\java.management\LICENSE; size: 32 bytes; exists: false
       Install file: C:\Program Files\liquibase\jre\legal\java.management.rmi\ADDITIONAL_LICENSE_INFO; size: 48 bytes; exists: false
       Install file: C:\Program Files\liquibase\jre\legal\java.management.rmi\ASSEMBLY_EXCEPTION; size: 43 bytes; exists: false
       Install file: C:\Program Files\liquibase\jre\legal\java.management.rmi\LICENSE; size: 32 bytes; exists: false
       Install file: C:\Program Files\liquibase\jre\legal\java.naming\ADDITIONAL_LICENSE_INFO; size: 48 bytes; exists: false
       Install file: C:\Program Files\liquibase\jre\legal\java.naming\ASSEMBLY_EXCEPTION; size: 43 bytes; exists: false
       Install file: C:\Program Files\liquibase\jre\legal\java.naming\LICENSE; size: 32 bytes; exists: false
       Install file: C:\Program Files\liquibase\jre\legal\java.net.http\ADDITIONAL_LICENSE_INFO; size: 48 bytes; exists: false
       Install file: C:\Program Files\liquibase\jre\legal\java.net.http\ASSEMBLY_EXCEPTION; size: 43 bytes; exists: false
       Install file: C:\Program Files\liquibase\jre\legal\java.net.http\LICENSE; size: 32 bytes; exists: false
       Install file: C:\Program Files\liquibase\jre\legal\java.prefs\ADDITIONAL_LICENSE_INFO; size: 48 bytes; exists: false
       Install file: C:\Program Files\liquibase\jre\legal\java.prefs\ASSEMBLY_EXCEPTION; size: 43 bytes; exists: false
       Install file: C:\Program Files\liquibase\jre\legal\java.prefs\LICENSE; size: 32 bytes; exists: false
       Install file: C:\Program Files\liquibase\jre\legal\java.rmi\ADDITIONAL_LICENSE_INFO; size: 48 bytes; exists: false
       Install file: C:\Program Files\liquibase\jre\legal\java.rmi\ASSEMBLY_EXCEPTION; size: 43 bytes; exists: false
       Install file: C:\Program Files\liquibase\jre\legal\java.rmi\LICENSE; size: 32 bytes; exists: false
       Install file: C:\Program Files\liquibase\jre\legal\java.scripting\ADDITIONAL_LICENSE_INFO; size: 48 bytes; exists: false
       Install file: C:\Program Files\liquibase\jre\legal\java.scripting\ASSEMBLY_EXCEPTION; size: 43 bytes; exists: false
       Install file: C:\Program Files\liquibase\jre\legal\java.scripting\LICENSE; size: 32 bytes; exists: false
       Install file: C:\Program Files\liquibase\jre\legal\java.se\ADDITIONAL_LICENSE_INFO; size: 48 bytes; exists: false
       Install file: C:\Program Files\liquibase\jre\legal\java.se\ASSEMBLY_EXCEPTION; size: 43 bytes; exists: false
       Install file: C:\Program Files\liquibase\jre\legal\java.se\LICENSE; size: 32 bytes; exists: false
       Install file: C:\Program Files\liquibase\jre\legal\java.security.jgss\ADDITIONAL_LICENSE_INFO; size: 48 bytes; exists: false
       Install file: C:\Program Files\liquibase\jre\legal\java.security.jgss\ASSEMBLY_EXCEPTION; size: 43 bytes; exists: false
       Install file: C:\Program Files\liquibase\jre\legal\java.security.jgss\LICENSE; size: 32 bytes; exists: false
       Install file: C:\Program Files\liquibase\jre\legal\java.security.sasl\ADDITIONAL_LICENSE_INFO; size: 48 bytes; exists: false
       Install file: C:\Program Files\liquibase\jre\legal\java.security.sasl\ASSEMBLY_EXCEPTION; size: 43 bytes; exists: false
       Install file: C:\Program Files\liquibase\jre\legal\java.security.sasl\LICENSE; size: 32 bytes; exists: false
       Install file: C:\Program Files\liquibase\jre\legal\java.smartcardio\ADDITIONAL_LICENSE_INFO; size: 48 bytes; exists: false
       Install file: C:\Program Files\liquibase\jre\legal\java.smartcardio\ASSEMBLY_EXCEPTION; size: 43 bytes; exists: false
       Install file: C:\Program Files\liquibase\jre\legal\java.smartcardio\LICENSE; size: 32 bytes; exists: false
       Install file: C:\Program Files\liquibase\jre\legal\java.sql\ADDITIONAL_LICENSE_INFO; size: 48 bytes; exists: false
       Install file: C:\Program Files\liquibase\jre\legal\java.sql\ASSEMBLY_EXCEPTION; size: 43 bytes; exists: false
       Install file: C:\Program Files\liquibase\jre\legal\java.sql\LICENSE; size: 32 bytes; exists: false
       Install file: C:\Program Files\liquibase\jre\legal\java.sql.rowset\ADDITIONAL_LICENSE_INFO; size: 48 bytes; exists: false
       Install file: C:\Program Files\liquibase\jre\legal\java.sql.rowset\ASSEMBLY_EXCEPTION; size: 43 bytes; exists: false
       Install file: C:\Program Files\liquibase\jre\legal\java.sql.rowset\LICENSE; size: 32 bytes; exists: false
       Install file: C:\Program Files\liquibase\jre\legal\java.transaction.xa\ADDITIONAL_LICENSE_INFO; size: 48 bytes; exists: false
       Install file: C:\Program Files\liquibase\jre\legal\java.transaction.xa\ASSEMBLY_EXCEPTION; size: 43 bytes; exists: false
       Install file: C:\Program Files\liquibase\jre\legal\java.transaction.xa\LICENSE; size: 32 bytes; exists: false
       Install file: C:\Program Files\liquibase\jre\legal\java.xml\ADDITIONAL_LICENSE_INFO; size: 48 bytes; exists: false
       Install file: C:\Program Files\liquibase\jre\legal\java.xml\ASSEMBLY_EXCEPTION; size: 43 bytes; exists: false
       Install file: C:\Program Files\liquibase\jre\legal\java.xml\bcel.md; size: 11195 bytes; exists: false
       Install file: C:\Program Files\liquibase\jre\legal\java.xml\dom.md; size: 3761 bytes; exists: false
       Install file: C:\Program Files\liquibase\jre\legal\java.xml\jcup.md; size: 1448 bytes; exists: false
       Install file: C:\Program Files\liquibase\jre\legal\java.xml\LICENSE; size: 32 bytes; exists: false
       Install file: C:\Program Files\liquibase\jre\legal\java.xml\xalan.md; size: 13477 bytes; exists: false
       Install file: C:\Program Files\liquibase\jre\legal\java.xml\xerces.md; size: 11848 bytes; exists: false
       Install file: C:\Program Files\liquibase\jre\legal\java.xml.crypto\ADDITIONAL_LICENSE_INFO; size: 48 bytes; exists: false
       Install file: C:\Program Files\liquibase\jre\legal\java.xml.crypto\ASSEMBLY_EXCEPTION; size: 43 bytes; exists: false
       Install file: C:\Program Files\liquibase\jre\legal\java.xml.crypto\LICENSE; size: 32 bytes; exists: false
       Install file: C:\Program Files\liquibase\jre\legal\java.xml.crypto\santuario.md; size: 11499 bytes; exists: false
       Install file: C:\Program Files\liquibase\jre\legal\jdk.accessibility\ADDITIONAL_LICENSE_INFO; size: 48 bytes; exists: false
       Install file: C:\Program Files\liquibase\jre\legal\jdk.accessibility\ASSEMBLY_EXCEPTION; size: 43 bytes; exists: false
       Install file: C:\Program Files\liquibase\jre\legal\jdk.accessibility\LICENSE; size: 32 bytes; exists: false
       Install file: C:\Program Files\liquibase\jre\legal\jdk.attach\ADDITIONAL_LICENSE_INFO; size: 48 bytes; exists: false
       Install file: C:\Program Files\liquibase\jre\legal\jdk.attach\ASSEMBLY_EXCEPTION; size: 43 bytes; exists: false
       Install file: C:\Program Files\liquibase\jre\legal\jdk.attach\LICENSE; size: 32 bytes; exists: false
       Install file: C:\Program Files\liquibase\jre\legal\jdk.charsets\ADDITIONAL_LICENSE_INFO; size: 48 bytes; exists: false
       Install file: C:\Program Files\liquibase\jre\legal\jdk.charsets\ASSEMBLY_EXCEPTION; size: 43 bytes; exists: false
       Install file: C:\Program Files\liquibase\jre\legal\jdk.charsets\LICENSE; size: 32 bytes; exists: false
       Install file: C:\Program Files\liquibase\jre\legal\jdk.crypto.cryptoki\ADDITIONAL_LICENSE_INFO; size: 48 bytes; exists: false
       Install file: C:\Program Files\liquibase\jre\legal\jdk.crypto.cryptoki\ASSEMBLY_EXCEPTION; size: 43 bytes; exists: false
       Install file: C:\Program Files\liquibase\jre\legal\jdk.crypto.cryptoki\LICENSE; size: 32 bytes; exists: false
       Install file: C:\Program Files\liquibase\jre\legal\jdk.crypto.cryptoki\pkcs11cryptotoken.md; size: 3923 bytes; exists: false
       Install file: C:\Program Files\liquibase\jre\legal\jdk.crypto.cryptoki\pkcs11wrapper.md; size: 2131 bytes; exists: false
       Install file: C:\Program Files\liquibase\jre\legal\jdk.crypto.ec\ADDITIONAL_LICENSE_INFO; size: 48 bytes; exists: false
       Install file: C:\Program Files\liquibase\jre\legal\jdk.crypto.ec\ASSEMBLY_EXCEPTION; size: 43 bytes; exists: false
       Install file: C:\Program Files\liquibase\jre\legal\jdk.crypto.ec\LICENSE; size: 32 bytes; exists: false
       Install file: C:\Program Files\liquibase\jre\legal\jdk.crypto.mscapi\ADDITIONAL_LICENSE_INFO; size: 48 bytes; exists: false
       Install file: C:\Program Files\liquibase\jre\legal\jdk.crypto.mscapi\ASSEMBLY_EXCEPTION; size: 43 bytes; exists: false
       Install file: C:\Program Files\liquibase\jre\legal\jdk.crypto.mscapi\LICENSE; size: 32 bytes; exists: false
       Install file: C:\Program Files\liquibase\jre\legal\jdk.dynalink\ADDITIONAL_LICENSE_INFO; size: 48 bytes; exists: false
       Install file: C:\Program Files\liquibase\jre\legal\jdk.dynalink\ASSEMBLY_EXCEPTION; size: 43 bytes; exists: false
       Install file: C:\Program Files\liquibase\jre\legal\jdk.dynalink\dynalink.md; size: 1502 bytes; exists: false
       Install file: C:\Program Files\liquibase\jre\legal\jdk.dynalink\LICENSE; size: 32 bytes; exists: false
       Install file: C:\Program Files\liquibase\jre\legal\jdk.httpserver\ADDITIONAL_LICENSE_INFO; size: 48 bytes; exists: false
       Install file: C:\Program Files\liquibase\jre\legal\jdk.httpserver\ASSEMBLY_EXCEPTION; size: 43 bytes; exists: false
       Install file: C:\Program Files\liquibase\jre\legal\jdk.httpserver\LICENSE; size: 32 bytes; exists: false
       Install file: C:\Program Files\liquibase\jre\legal\jdk.internal.ed\ADDITIONAL_LICENSE_INFO; size: 48 bytes; exists: false
       Install file: C:\Program Files\liquibase\jre\legal\jdk.internal.ed\ASSEMBLY_EXCEPTION; size: 43 bytes; exists: false
       Install file: C:\Program Files\liquibase\jre\legal\jdk.internal.ed\LICENSE; size: 32 bytes; exists: false
       Install file: C:\Program Files\liquibase\jre\legal\jdk.internal.jvmstat\ADDITIONAL_LICENSE_INFO; size: 48 bytes; exists: false
       Install file: C:\Program Files\liquibase\jre\legal\jdk.internal.jvmstat\ASSEMBLY_EXCEPTION; size: 43 bytes; exists: false
       Install file: C:\Program Files\liquibase\jre\legal\jdk.internal.jvmstat\LICENSE; size: 32 bytes; exists: false
       Install file: C:\Program Files\liquibase\jre\legal\jdk.internal.le\ADDITIONAL_LICENSE_INFO; size: 48 bytes; exists: false
       Install file: C:\Program Files\liquibase\jre\legal\jdk.internal.le\ASSEMBLY_EXCEPTION; size: 43 bytes; exists: false
       Install file: C:\Program Files\liquibase\jre\legal\jdk.internal.le\jline.md; size: 1579 bytes; exists: false
       Install file: C:\Program Files\liquibase\jre\legal\jdk.internal.le\LICENSE; size: 32 bytes; exists: false
       Install file: C:\Program Files\liquibase\jre\legal\jdk.internal.vm.ci\ADDITIONAL_LICENSE_INFO; size: 48 bytes; exists: false
       Install file: C:\Program Files\liquibase\jre\legal\jdk.internal.vm.ci\ASSEMBLY_EXCEPTION; size: 43 bytes; exists: false
       Install file: C:\Program Files\liquibase\jre\legal\jdk.internal.vm.ci\LICENSE; size: 32 bytes; exists: false
       Install file: C:\Program Files\liquibase\jre\legal\jdk.internal.vm.compiler\ADDITIONAL_LICENSE_INFO; size: 48 bytes; exists: false
       Install file: C:\Program Files\liquibase\jre\legal\jdk.internal.vm.compiler\ASSEMBLY_EXCEPTION; size: 43 bytes; exists: false
       Install file: C:\Program Files\liquibase\jre\legal\jdk.internal.vm.compiler\LICENSE; size: 32 bytes; exists: false
       Install file: C:\Program Files\liquibase\jre\legal\jdk.internal.vm.compiler.management\ADDITIONAL_LICENSE_INFO; size: 48 bytes; exists: false
       Install file: C:\Program Files\liquibase\jre\legal\jdk.internal.vm.compiler.management\ASSEMBLY_EXCEPTION; size: 43 bytes; exists: false
       Install file: C:\Program Files\liquibase\jre\legal\jdk.internal.vm.compiler.management\LICENSE; size: 32 bytes; exists: false
       Install file: C:\Program Files\liquibase\jre\legal\jdk.jdwp.agent\ADDITIONAL_LICENSE_INFO; size: 48 bytes; exists: false
       Install file: C:\Program Files\liquibase\jre\legal\jdk.jdwp.agent\ASSEMBLY_EXCEPTION; size: 43 bytes; exists: false
       Install file: C:\Program Files\liquibase\jre\legal\jdk.jdwp.agent\LICENSE; size: 32 bytes; exists: false
       Install file: C:\Program Files\liquibase\jre\legal\jdk.jfr\ADDITIONAL_LICENSE_INFO; size: 48 bytes; exists: false
       Install file: C:\Program Files\liquibase\jre\legal\jdk.jfr\ASSEMBLY_EXCEPTION; size: 43 bytes; exists: false
       Install file: C:\Program Files\liquibase\jre\legal\jdk.jfr\LICENSE; size: 32 bytes; exists: false
       Install file: C:\Program Files\liquibase\jre\legal\jdk.jsobject\ADDITIONAL_LICENSE_INFO; size: 48 bytes; exists: false
       Install file: C:\Program Files\liquibase\jre\legal\jdk.jsobject\ASSEMBLY_EXCEPTION; size: 43 bytes; exists: false
       Install file: C:\Program Files\liquibase\jre\legal\jdk.jsobject\LICENSE; size: 32 bytes; exists: false
       Install file: C:\Program Files\liquibase\jre\legal\jdk.localedata\ADDITIONAL_LICENSE_INFO; size: 48 bytes; exists: false
       Install file: C:\Program Files\liquibase\jre\legal\jdk.localedata\ASSEMBLY_EXCEPTION; size: 43 bytes; exists: false
       Install file: C:\Program Files\liquibase\jre\legal\jdk.localedata\cldr.md; size: 32 bytes; exists: false
       Install file: C:\Program Files\liquibase\jre\legal\jdk.localedata\LICENSE; size: 32 bytes; exists: false
       Install file: C:\Program Files\liquibase\jre\legal\jdk.localedata\thaidict.md; size: 1346 bytes; exists: false
       Install file: C:\Program Files\liquibase\jre\legal\jdk.management\ADDITIONAL_LICENSE_INFO; size: 48 bytes; exists: false
       Install file: C:\Program Files\liquibase\jre\legal\jdk.management\ASSEMBLY_EXCEPTION; size: 43 bytes; exists: false
       Install file: C:\Program Files\liquibase\jre\legal\jdk.management\LICENSE; size: 32 bytes; exists: false
       Install file: C:\Program Files\liquibase\jre\legal\jdk.management.agent\ADDITIONAL_LICENSE_INFO; size: 48 bytes; exists: false
       Install file: C:\Program Files\liquibase\jre\legal\jdk.management.agent\ASSEMBLY_EXCEPTION; size: 43 bytes; exists: false
       Install file: C:\Program Files\liquibase\jre\legal\jdk.management.agent\LICENSE; size: 32 bytes; exists: false
       Install file: C:\Program Files\liquibase\jre\legal\jdk.management.jfr\ADDITIONAL_LICENSE_INFO; size: 48 bytes; exists: false
       Install file: C:\Program Files\liquibase\jre\legal\jdk.management.jfr\ASSEMBLY_EXCEPTION; size: 43 bytes; exists: false
       Install file: C:\Program Files\liquibase\jre\legal\jdk.management.jfr\LICENSE; size: 32 bytes; exists: false
       Install file: C:\Program Files\liquibase\jre\legal\jdk.naming.dns\ADDITIONAL_LICENSE_INFO; size: 48 bytes; exists: false
       Install file: C:\Program Files\liquibase\jre\legal\jdk.naming.dns\ASSEMBLY_EXCEPTION; size: 43 bytes; exists: false
       Install file: C:\Program Files\liquibase\jre\legal\jdk.naming.dns\LICENSE; size: 32 bytes; exists: false
       Install file: C:\Program Files\liquibase\jre\legal\jdk.naming.rmi\ADDITIONAL_LICENSE_INFO; size: 48 bytes; exists: false
       Install file: C:\Program Files\liquibase\jre\legal\jdk.naming.rmi\ASSEMBLY_EXCEPTION; size: 43 bytes; exists: false
       Install file: C:\Program Files\liquibase\jre\legal\jdk.naming.rmi\LICENSE; size: 32 bytes; exists: false
       Install file: C:\Program Files\liquibase\jre\legal\jdk.net\ADDITIONAL_LICENSE_INFO; size: 48 bytes; exists: false
       Install file: C:\Program Files\liquibase\jre\legal\jdk.net\ASSEMBLY_EXCEPTION; size: 43 bytes; exists: false
       Install file: C:\Program Files\liquibase\jre\legal\jdk.net\LICENSE; size: 32 bytes; exists: false
       Install file: C:\Program Files\liquibase\jre\legal\jdk.sctp\ADDITIONAL_LICENSE_INFO; size: 48 bytes; exists: false
       Install file: C:\Program Files\liquibase\jre\legal\jdk.sctp\ASSEMBLY_EXCEPTION; size: 43 bytes; exists: false
       Install file: C:\Program Files\liquibase\jre\legal\jdk.sctp\LICENSE; size: 32 bytes; exists: false
       Install file: C:\Program Files\liquibase\jre\legal\jdk.security.auth\ADDITIONAL_LICENSE_INFO; size: 48 bytes; exists: false
       Install file: C:\Program Files\liquibase\jre\legal\jdk.security.auth\ASSEMBLY_EXCEPTION; size: 43 bytes; exists: false
       Install file: C:\Program Files\liquibase\jre\legal\jdk.security.auth\LICENSE; size: 32 bytes; exists: false
       Install file: C:\Program Files\liquibase\jre\legal\jdk.security.jgss\ADDITIONAL_LICENSE_INFO; size: 48 bytes; exists: false
       Install file: C:\Program Files\liquibase\jre\legal\jdk.security.jgss\ASSEMBLY_EXCEPTION; size: 43 bytes; exists: false
       Install file: C:\Program Files\liquibase\jre\legal\jdk.security.jgss\LICENSE; size: 32 bytes; exists: false
       Install file: C:\Program Files\liquibase\jre\legal\jdk.unsupported\ADDITIONAL_LICENSE_INFO; size: 48 bytes; exists: false
       Install file: C:\Program Files\liquibase\jre\legal\jdk.unsupported\ASSEMBLY_EXCEPTION; size: 43 bytes; exists: false
       Install file: C:\Program Files\liquibase\jre\legal\jdk.unsupported\LICENSE; size: 32 bytes; exists: false
       Install file: C:\Program Files\liquibase\jre\legal\jdk.unsupported.desktop\ADDITIONAL_LICENSE_INFO; size: 48 bytes; exists: false
       Install file: C:\Program Files\liquibase\jre\legal\jdk.unsupported.desktop\ASSEMBLY_EXCEPTION; size: 43 bytes; exists: false
       Install file: C:\Program Files\liquibase\jre\legal\jdk.unsupported.desktop\LICENSE; size: 32 bytes; exists: false
       Install file: C:\Program Files\liquibase\jre\legal\jdk.xml.dom\ADDITIONAL_LICENSE_INFO; size: 48 bytes; exists: false
       Install file: C:\Program Files\liquibase\jre\legal\jdk.xml.dom\ASSEMBLY_EXCEPTION; size: 43 bytes; exists: false
       Install file: C:\Program Files\liquibase\jre\legal\jdk.xml.dom\LICENSE; size: 32 bytes; exists: false
       Install file: C:\Program Files\liquibase\jre\legal\jdk.zipfs\ADDITIONAL_LICENSE_INFO; size: 48 bytes; exists: false
       Install file: C:\Program Files\liquibase\jre\legal\jdk.zipfs\ASSEMBLY_EXCEPTION; size: 43 bytes; exists: false
       Install file: C:\Program Files\liquibase\jre\legal\jdk.zipfs\LICENSE; size: 32 bytes; exists: false
       Install file: C:\Program Files\liquibase\jre\lib\classlist; size: 80727 bytes; exists: false
       Install file: C:\Program Files\liquibase\jre\lib\fontconfig.bfc; size: 4836 bytes; exists: false
       Install file: C:\Program Files\liquibase\jre\lib\fontconfig.properties.src; size: 12612 bytes; exists: false
       Install file: C:\Program Files\liquibase\jre\lib\jawt.lib; size: 1682 bytes; exists: false
       Install file: C:\Program Files\liquibase\jre\lib\jfr\default.jfc; size: 37398 bytes; exists: false
       Install file: C:\Program Files\liquibase\jre\lib\jfr\profile.jfc; size: 37353 bytes; exists: false
       Install file: C:\Program Files\liquibase\jre\lib\jrt-fs.jar; size: 110121 bytes; exists: false
       Install file: C:\Program Files\liquibase\jre\lib\jvm.cfg; size: 29 bytes; exists: false
       Install file: C:\Program Files\liquibase\jre\lib\jvm.lib; size: 1189048 bytes; exists: false
       Install file: C:\Program Files\liquibase\jre\lib\modules; size: 110500491 bytes; exists: false
       File options set to: [fileTime: Tue Apr 23 12:42:51 EDT 2024, mode: 644, overwriteMode: Always ask except for update, shared: false, uninstallMode: If created, but not for update, delayIfNecessary: false]
       Install file: C:\Program Files\liquibase\jre\lib\psfont.properties.ja; size: 3793 bytes; exists: false
       Install file: C:\Program Files\liquibase\jre\lib\psfontj2d.properties; size: 11390 bytes; exists: false
       Install file: C:\Program Files\liquibase\jre\lib\security\blocked.certs; size: 2527 bytes; exists: false
       Install file: C:\Program Files\liquibase\jre\lib\security\cacerts; size: 190534 bytes; exists: false
       Install file: C:\Program Files\liquibase\jre\lib\security\default.policy; size: 11380 bytes; exists: false
       Install file: C:\Program Files\liquibase\jre\lib\security\public_suffix_list.dat; size: 231314 bytes; exists: false
       Install file: C:\Program Files\liquibase\jre\lib\tzdb.dat; size: 103785 bytes; exists: false
       Install file: C:\Program Files\liquibase\jre\lib\tzmappings; size: 22190 bytes; exists: false
       Install file: C:\Program Files\liquibase\jre\release; size: 852 bytes; exists: false
       Install file: C:\Program Files\liquibase\.install4j\i4jdel.exe; size: 95936 bytes; exists: false
       File options set to: [fileTime: Mon Mar 25 13:57:02 EDT 2024, mode: 644, overwriteMode: Always, shared: false, uninstallMode: If created, delayIfNecessary: false]
       Install file: C:\Program Files\liquibase\.install4j\i4jinst.dll; size: 232128 bytes; exists: false
       Install file: C:\Program Files\liquibase\ABOUT.txt; size: 50 bytes; exists: false
       File options set to: [fileTime: Mon Mar 25 13:57:02 EDT 2024, mode: 644, overwriteMode: Always ask except for update, shared: false, uninstallMode: If created, delayIfNecessary: false]
       Install file: C:\Program Files\liquibase\GETTING_STARTED.txt; size: 10388 bytes; exists: false
       File options set to: [fileTime: Mon Mar 25 13:57:02 EDT 2024, mode: 755, overwriteMode: Always ask except for update, shared: false, uninstallMode: If created, delayIfNecessary: false]
       Install file: C:\Program Files\liquibase\LICENSE.txt; size: 11345 bytes; exists: false
       File options set to: [fileTime: Mon Mar 25 13:57:02 EDT 2024, mode: 644, overwriteMode: Always ask except for update, shared: false, uninstallMode: If created, delayIfNecessary: false]
       Install file: C:\Program Files\liquibase\README.txt; size: 2721 bytes; exists: false
       Install file: C:\Program Files\liquibase\UNINSTALL.txt; size: 766 bytes; exists: false
       Install file: C:\Program Files\liquibase\changelog.txt; size: 327405 bytes; exists: false
       Install file: C:\Program Files\liquibase\examples\json\blank-changelog.json; size: 249 bytes; exists: false
       Install file: C:\Program Files\liquibase\examples\json\example-changelog.json; size: 3259 bytes; exists: false
       Install file: C:\Program Files\liquibase\examples\json\example-changeset-json.txt; size: 667 bytes; exists: false
       Install file: C:\Program Files\liquibase\examples\json\liquibase.advanced.flowfile.yaml; size: 4926 bytes; exists: false
       Install file: C:\Program Files\liquibase\examples\json\liquibase.checks-package.yaml; size: 654 bytes; exists: false
       Install file: C:\Program Files\liquibase\examples\json\liquibase.customlogdata.yaml; size: 1908 bytes; exists: false
       Install file: C:\Program Files\liquibase\examples\json\liquibase.endstage.flow; size: 985 bytes; exists: false
       Install file: C:\Program Files\liquibase\examples\json\liquibase.flowfile.yaml; size: 1162 bytes; exists: false
       Install file: C:\Program Files\liquibase\examples\json\liquibase.flowvariables.yaml; size: 403 bytes; exists: false
       Install file: C:\Program Files\liquibase\examples\json\liquibase.properties; size: 2753 bytes; exists: false
       Install file: C:\Program Files\liquibase\examples\sql\blank-changelog.sql; size: 225 bytes; exists: false
       Install file: C:\Program Files\liquibase\examples\sql\example-changelog.sql; size: 832 bytes; exists: false
       Install file: C:\Program Files\liquibase\examples\sql\example-changeset-sql.txt; size: 116 bytes; exists: false
       Install file: C:\Program Files\liquibase\examples\sql\liquibase.advanced.flowfile.yaml; size: 4926 bytes; exists: false
       Install file: C:\Program Files\liquibase\examples\sql\liquibase.checks-package.yaml; size: 654 bytes; exists: false
       Install file: C:\Program Files\liquibase\examples\sql\liquibase.customlogdata.yaml; size: 1908 bytes; exists: false
       Install file: C:\Program Files\liquibase\examples\sql\liquibase.endstage.flow; size: 985 bytes; exists: false
       Install file: C:\Program Files\liquibase\examples\sql\liquibase.flowfile.yaml; size: 1162 bytes; exists: false
       Install file: C:\Program Files\liquibase\examples\sql\liquibase.flowvariables.yaml; size: 403 bytes; exists: false
       Install file: C:\Program Files\liquibase\examples\sql\liquibase.properties; size: 2752 bytes; exists: false
       Install file: C:\Program Files\liquibase\examples\sql\liquibase.psql.conf; size: 1867 bytes; exists: false
       Install file: C:\Program Files\liquibase\examples\sql\liquibase.sqlcmd.conf; size: 2244 bytes; exists: false
       Install file: C:\Program Files\liquibase\examples\sql\liquibase.sqlplus.conf; size: 2233 bytes; exists: false
       Install file: C:\Program Files\liquibase\examples\start-h2; size: 366 bytes; exists: false
       File options set to: [fileTime: Mon Mar 25 13:57:02 EDT 2024, mode: 755, overwriteMode: Always ask except for update, shared: false, uninstallMode: If created, delayIfNecessary: false]
       Install file: C:\Program Files\liquibase\examples\start-h2.bat; size: 578 bytes; exists: false
       File options set to: [fileTime: Mon Mar 25 13:57:02 EDT 2024, mode: 644, overwriteMode: Always ask except for update, shared: false, uninstallMode: If created, delayIfNecessary: false]
       Install file: C:\Program Files\liquibase\examples\xml\blank-changelog.xml; size: 800 bytes; exists: false
       Install file: C:\Program Files\liquibase\examples\xml\example-changelog.xml; size: 2085 bytes; exists: false
       Install file: C:\Program Files\liquibase\examples\xml\example-changeset-xml.txt; size: 525 bytes; exists: false
       Install file: C:\Program Files\liquibase\examples\xml\liquibase.advanced.flowfile.yaml; size: 4926 bytes; exists: false
       Install file: C:\Program Files\liquibase\examples\xml\liquibase.checks-package.yaml; size: 654 bytes; exists: false
       Install file: C:\Program Files\liquibase\examples\xml\liquibase.customlogdata.yaml; size: 1908 bytes; exists: false
       Install file: C:\Program Files\liquibase\examples\xml\liquibase.endstage.flow; size: 985 bytes; exists: false
       Install file: C:\Program Files\liquibase\examples\xml\liquibase.flowfile.yaml; size: 1162 bytes; exists: false
       Install file: C:\Program Files\liquibase\examples\xml\liquibase.flowvariables.yaml; size: 403 bytes; exists: false
       Install file: C:\Program Files\liquibase\examples\xml\liquibase.properties; size: 2752 bytes; exists: false
       Install file: C:\Program Files\liquibase\examples\xml\liquibase.psql.conf; size: 1867 bytes; exists: false
       Install file: C:\Program Files\liquibase\examples\xml\liquibase.sqlcmd.conf; size: 2244 bytes; exists: false
       Install file: C:\Program Files\liquibase\examples\xml\liquibase.sqlplus.conf; size: 2233 bytes; exists: false
       Install file: C:\Program Files\liquibase\examples\yaml\blank-changelog.yaml; size: 364 bytes; exists: false
       Install file: C:\Program Files\liquibase\examples\yaml\example-changelog.yaml; size: 2136 bytes; exists: false
       Install file: C:\Program Files\liquibase\examples\yaml\example-changeset-yaml.txt; size: 455 bytes; exists: false
       Install file: C:\Program Files\liquibase\examples\yaml\liquibase.advanced.flowfile.yaml; size: 4926 bytes; exists: false
       Install file: C:\Program Files\liquibase\examples\yaml\liquibase.checks-package.yaml; size: 654 bytes; exists: false
       Install file: C:\Program Files\liquibase\examples\yaml\liquibase.customlogdata.yaml; size: 1908 bytes; exists: false
       Install file: C:\Program Files\liquibase\examples\yaml\liquibase.endstage.flow; size: 985 bytes; exists: false
       Install file: C:\Program Files\liquibase\examples\yaml\liquibase.flowfile.yaml; size: 1162 bytes; exists: false
       Install file: C:\Program Files\liquibase\examples\yaml\liquibase.flowvariables.yaml; size: 403 bytes; exists: false
       Install file: C:\Program Files\liquibase\examples\yaml\liquibase.properties; size: 2754 bytes; exists: false
       Install file: C:\Program Files\liquibase\internal\lib\commons-collections4.jar; size: 751914 bytes; exists: false
       Install file: C:\Program Files\liquibase\internal\lib\commons-lang3.jar; size: 657952 bytes; exists: false
       Install file: C:\Program Files\liquibase\internal\lib\commons-text.jar; size: 246659 bytes; exists: false
       Install file: C:\Program Files\liquibase\internal\lib\h2.jar; size: 2614933 bytes; exists: false
       Install file: C:\Program Files\liquibase\internal\lib\hsqldb.jar; size: 1644340 bytes; exists: false
       Install file: C:\Program Files\liquibase\internal\lib\jaxb-api.jar; size: 128076 bytes; exists: false
       Install file: C:\Program Files\liquibase\internal\lib\jaxb-core.jar; size: 138686 bytes; exists: false
       Install file: C:\Program Files\liquibase\internal\lib\jaxb-runtime.jar; size: 920213 bytes; exists: false
       Install file: C:\Program Files\liquibase\internal\lib\jaybird.jar; size: 1541117 bytes; exists: false
       Install file: C:\Program Files\liquibase\internal\lib\jcc.jar; size: 6547072 bytes; exists: false
       Install file: C:\Program Files\liquibase\internal\lib\liquibase-commercial.jar; size: 6635162 bytes; exists: false
       Install file: C:\Program Files\liquibase\internal\lib\liquibase-core.jar; size: 2803905 bytes; exists: false
       Install file: C:\Program Files\liquibase\internal\lib\mariadb-java-client.jar; size: 668710 bytes; exists: false
       Install file: C:\Program Files\liquibase\internal\lib\mssql-jdbc.jar; size: 1457082 bytes; exists: false
       Install file: C:\Program Files\liquibase\internal\lib\ojdbc8.jar; size: 4529624 bytes; exists: false
       Install file: C:\Program Files\liquibase\internal\lib\opencsv.jar; size: 240388 bytes; exists: false
       Install file: C:\Program Files\liquibase\internal\lib\picocli.jar; size: 415128 bytes; exists: false
       Install file: C:\Program Files\liquibase\internal\lib\postgresql.jar; size: 1089136 bytes; exists: false
       Install file: C:\Program Files\liquibase\internal\lib\snakeyaml.jar; size: 334352 bytes; exists: false
       Install file: C:\Program Files\liquibase\internal\lib\snowflake-jdbc.jar; size: 70552650 bytes; exists: false
       Install file: C:\Program Files\liquibase\internal\lib\sqlite-jdbc.jar; size: 13317614 bytes; exists: false
       Install file: C:\Program Files\liquibase\lib\README.txt; size: 429 bytes; exists: false
       Install file: C:\Program Files\liquibase\lib\liquibase_autocomplete.sh; size: 3690 bytes; exists: false
       Install file: C:\Program Files\liquibase\lib\liquibase_autocomplete.zsh; size: 2387 bytes; exists: false
       Install file: C:\Program Files\liquibase\lib\liquibase_autocomplete_mac.bash; size: 2846 bytes; exists: false
       Install file: C:\Program Files\liquibase\licenses\commercial\FDHUT.txt; size: 6530 bytes; exists: false
       Install file: C:\Program Files\liquibase\licenses\commercial\Liquibase Pro EULA Software License Subscription and Support Agreement.txt; size: 11467 bytes; exists: false
       Install file: C:\Program Files\liquibase\licenses\commercial\README.txt; size: 1046 bytes; exists: false
       Install file: C:\Program Files\liquibase\licenses\commercial\apache-2.0.txt; size: 9115 bytes; exists: false
       Install file: C:\Program Files\liquibase\licenses\commercial\bsd-3-clause.txt; size: 1428 bytes; exists: false
       Install file: C:\Program Files\liquibase\licenses\commercial\mit.txt; size: 1024 bytes; exists: false
       Install file: C:\Program Files\liquibase\licenses\oss\README.txt; size: 2088 bytes; exists: false
       Install file: C:\Program Files\liquibase\licenses\oss\apache-2.0.txt; size: 9115 bytes; exists: false
       Install file: C:\Program Files\liquibase\licenses\oss\bsd-2-clause.txt; size: 1262 bytes; exists: false
       Install file: C:\Program Files\liquibase\licenses\oss\bsd-3-clause.txt; size: 1428 bytes; exists: false
       Install file: C:\Program Files\liquibase\licenses\oss\cddl1.1.txt; size: 16745 bytes; exists: false
       Install file: C:\Program Files\liquibase\licenses\oss\edl-1.0.txt; size: 1473 bytes; exists: false
       Install file: C:\Program Files\liquibase\licenses\oss\epl-1.0.txt; size: 11231 bytes; exists: false
       Install file: C:\Program Files\liquibase\licenses\oss\epl-2.0.txt; size: 14026 bytes; exists: false
       Install file: C:\Program Files\liquibase\licenses\oss\futc.txt; size: 2372 bytes; exists: false
       Install file: C:\Program Files\liquibase\licenses\oss\ipla.txt; size: 2890 bytes; exists: false
       Install file: C:\Program Files\liquibase\licenses\oss\lgpl-2.1.txt; size: 26529 bytes; exists: false
       Install file: C:\Program Files\liquibase\licenses\oss\lgpl-3.0.txt; size: 25355 bytes; exists: false
       Install file: C:\Program Files\liquibase\licenses\oss\mit.txt; size: 1024 bytes; exists: false
       Install file: C:\Program Files\liquibase\liquibase; size: 1509 bytes; exists: false
       File options set to: [fileTime: Mon Mar 25 13:57:02 EDT 2024, mode: 755, overwriteMode: Always ask except for update, shared: false, uninstallMode: If created, delayIfNecessary: false]
       Install file: C:\Program Files\liquibase\liquibase.bat; size: 1134 bytes; exists: false
       File options set to: [fileTime: Mon Mar 25 13:57:02 EDT 2024, mode: 644, overwriteMode: Always ask except for update, shared: false, uninstallMode: If created, delayIfNecessary: false]
       Install file: C:\Program Files\liquibase\uninstall.exe; size: 815848 bytes; exists: false
       File options set to: [fileTime: Mon Mar 25 13:57:02 EDT 2024, mode: 700, overwriteMode: If newer otherwise ask, shared: false, uninstallMode: If created, delayIfNecessary: false]
       Install file: C:\Program Files\liquibase\.install4j\inst_jre.cfg; size: 65 bytes; exists: false
       File options set to: [fileTime: Tue Apr 23 12:43:14 EDT 2024, mode: 644, overwriteMode: Always, shared: false, uninstallMode: If created, delayIfNecessary: false]
       Install file: C:\Program Files\liquibase\.install4j\pref_jre.cfg; size: 32 bytes; exists: false
       File options set to: [fileTime: Tue Apr 23 12:43:14 EDT 2024, mode: 644, overwriteMode: Always, shared: false, uninstallMode: If created, delayIfNecessary: false]
       Install file: C:\Program Files\liquibase\.install4j\i4jruntime.jar; size: 2053729 bytes; exists: false
       File options set to: [fileTime: Tue Apr 23 12:43:14 EDT 2024, mode: 644, overwriteMode: Always, shared: false, uninstallMode: Always, delayIfNecessary: false]
       Install file: C:\Program Files\liquibase\.install4j\MessagesDefault; size: 34826 bytes; exists: false
       Install file: C:\Program Files\liquibase\.install4j\i4jparams.conf; size: 63131 bytes; exists: false
       Install file: C:\Program Files\liquibase\.install4j\stats.properties; size: 814 bytes; exists: false
       Install file: C:\Program Files\liquibase\.install4j\user.jar; size: 11045 bytes; exists: false
       Install file: C:\Program Files\liquibase\.install4j\user\flatlaf.jar; size: 758100 bytes; exists: false
       Install file: C:\Program Files\liquibase\.install4j\i4j_extf_0_11stg7i.utf8; size: 34826 bytes; exists: false
       Install file: C:\Program Files\liquibase\.install4j\i4j_extf_1_11stg7i.properties; size: 152 bytes; exists: false
       Install file: C:\Program Files\liquibase\.install4j\i4j_extf_2_11stg7i_18gg8kx.png; size: 9202 bytes; exists: false
       Install file: C:\Program Files\liquibase\.install4j\i4j_extf_2_11stg7i_18gg8kx@2x.png; size: 15419 bytes; exists: false
       Install file: C:\Program Files\liquibase\.install4j\i4j_extf_2_11stg7i_18gg8kx@2x_dark.png; size: 15837 bytes; exists: false
       Install file: C:\Program Files\liquibase\.install4j\i4j_extf_2_11stg7i_18gg8kx_dark.png; size: 8891 bytes; exists: false
       Install file: C:\Program Files\liquibase\.install4j\installer.ico; size: 15749 bytes; exists: false
       Execute action successful after 5063 ms
[INFO] com.install4j.runtime.beans.actions.desktop.CreateProgramGroupAction [ID 18]: Execute action
       Property categories: Application
       Property linkDirectory: 
       Property programGroupEntryConfigs: []
       Property programGroupName: 
       Property uninstallerMenuName: Liquibase Uninstaller
       Property addDefaultLauncherLinks: true
       Property addUninstaller: false
       Property allUsers: true
       Property failForSymlinksNotCreated: false
       Property rollbackSupported: true
       Property unixMenuEntries: true
       Property unixSymlinks: true
       Variable changed: sys.programGroupName=Liquibase[class java.lang.String]
       Variable changed: sys.symlinkDir=/usr/local/bin[class java.lang.String]
       Install file: C:\ProgramData\Microsoft\Windows\Start Menu\Programs\Liquibase\Liquibase Home Directory.lnk; size: 912 bytes; exists: false
       File options set to: [fileTime: Tue Apr 23 12:43:14 EDT 2024, mode: 644, overwriteMode: Always, shared: false, uninstallMode: Always, delayIfNecessary: false]
       Install file: C:\ProgramData\Microsoft\Windows\Start Menu\Programs\Liquibase\Liquibase Getting Started.lnk; size: 1088 bytes; exists: false
       File options set to: [fileTime: Tue Apr 23 12:43:14 EDT 2024, mode: 644, overwriteMode: Always, shared: false, uninstallMode: Always, delayIfNecessary: false]
       Execute action successful after 233 ms
[INFO] com.install4j.runtime.beans.actions.desktop.RegisterAddRemoveAction [ID 19]: Execute action
       Property icon: null
       Property iconSource: Installer icon
       Property itemName: Liquibase 4.27.0
       Property persistentProperties: {}
       Property rollbackSupported: true
       Execute action successful after 43 ms
[INFO] com.install4j.runtime.beans.actions.misc.ModifyEnvironmentVariableAction [ID 61]: Execute action
       Property persistentProperties: {}
       Property type: Append
       Property value: C:\Program Files\liquibase
       Property variableName: PATH
       Property revertOnUninstallation: false
       Property revertOnlyIfNotModified: false
       Property rollbackSupported: true
       Property userSpecific: true
       Execute action successful after 175 ms
[INFO] com.install4j.runtime.beans.screens.InstallationScreen [ID 15]: Rollback barrier reached
       command: move 1 screens, executing actions, checking condition
[INFO] com.install4j.runtime.beans.screens.FinishedScreen [ID 20]: Show screen
       Variable changed: liquibase.openInstallDirectory=true[class java.lang.Boolean]
[INFO] com.install4j.runtime.beans.actions.control.RunScriptAction [ID 336]: Execute action
       Property rollbackScript: null
       Property script: com.install4j.script.I4jScript_Internal_10
       Property rollbackSupported: false
       Execute action successful after 25 ms
[INFO] com.install4j.runtime.beans.screens.FinishedScreen [ID 20]: command: finish
       cleaning up
       Finished at 2024-04-23 12:43:22
